2020-03-20 23:38:34,621 
*******************
create spark session locally.
2020-03-20 23:38:34,621 start reading json file from file:///Users/qiuchenzhang/Code/CMU/15619/Ying_Liu_Zhi_Zhu-S20/phase1/twitter/ETL/input/part-r-00000.gz
2020-03-20 23:38:47,518 finish reading json file
2020-03-20 23:38:47,597 Created select_df: 1. select useful fields 2. convert time to timetsamp 3. concatenate hashtags with
2020-03-20 23:38:47,769 Created filter_df: filter out malformed tweets and tweets not using specific languages
2020-03-20 23:38:47,851 Created clean_df: combine uid and uid_str
2020-03-20 23:38:47,893 Created tweet_df and user_mid_df
2020-03-20 23:38:47,930 Created user_df: find the latest information of each users
2020-03-20 23:39:58,148 Saved df to csv files
2020-03-20 23:39:58,150 
*******************
create spark session locally.
2020-03-20 23:39:58,151 reading tweet_df from file:///Users/qiuchenzhang/Code/CMU/15619/Ying_Liu_Zhi_Zhu-S20/phase1/twitter/ETL/output/testOutput/tweetDf/*.csv
2020-03-20 23:39:58,667 finish reading tweet_df: 39092 items
2020-03-20 23:39:58,667 reading user_df from file:///Users/qiuchenzhang/Code/CMU/15619/Ying_Liu_Zhi_Zhu-S20/phase1/twitter/ETL/output/testOutput/userDf/*.csv
2020-03-20 23:39:59,222 finish reading tweet_df: 39092 items
2020-03-20 23:39:59,222 loading tweet_df to localhost/etl_test_dbtest_tweet_table
2020-03-20 23:40:01,506 finish loading tweet_df
2020-03-20 23:40:01,506 loading user_df to localhost/etl_test_db as test_user_table
2020-03-20 23:40:03,210 finish loading user_df
