2020-03-20 23:34:58,429 
*******************
create spark session locally.
2020-03-20 23:34:58,429 start reading json file from file:///Users/qiuchenzhang/Code/CMU/15619/Ying_Liu_Zhi_Zhu-S20/phase1/twitter/ETL/input/query2_ref.txt
2020-03-20 23:35:02,575 finish reading json file
2020-03-20 23:35:02,664 Created select_df: 1. select useful fields 2. convert time to timetsamp 3. concatenate hashtags with
2020-03-20 23:35:02,796 Created filter_df: filter out malformed tweets and tweets not using specific languages
2020-03-20 23:35:02,868 Created clean_df: combine uid and uid_str
2020-03-20 23:35:02,906 Created tweet_df and user_mid_df
2020-03-20 23:35:02,945 Created user_df: find the latest information of each users
2020-03-20 23:35:14,501 Saved df to csv files
2020-03-20 23:35:14,504 
*******************
create spark session locally.
2020-03-20 23:35:14,504 reading tweet_df from file:///Users/qiuchenzhang/Code/CMU/15619/Ying_Liu_Zhi_Zhu-S20/phase1/twitter/ETL/output/testOutput/tweetDf/*.csv
2020-03-20 23:35:14,961 finish reading tweet_df: 39092 items
2020-03-20 23:35:14,962 reading user_df from file:///Users/qiuchenzhang/Code/CMU/15619/Ying_Liu_Zhi_Zhu-S20/phase1/twitter/ETL/output/testOutput/userDf/*.csv
2020-03-20 23:35:15,451 finish reading tweet_df: 39092 items
2020-03-20 23:35:15,451 loading tweet_df to localhost/etl_test_dbtest_tweet_table
2020-03-20 23:35:17,960 finish loading tweet_df
2020-03-20 23:35:17,960 loading user_df to localhost/etl_test_db as test_user_table
2020-03-20 23:35:19,878 finish loading user_df
