INFO  started: Metals version 0.8.4 in workspace '/Users/qiuchenzhang/Code/CMU/15619/Ying_Liu_Zhi_Zhu-S20/phase1/twitter/ETL/spark'
INFO  time: initialize in 0.65s
WARN  no build tool detected in workspace '/Users/qiuchenzhang/Code/CMU/15619/Ying_Liu_Zhi_Zhu-S20/phase1/twitter/ETL/spark'. The most common cause for this problem is that the editor was opened in the wrong working directory, for example if you use sbt then the workspace directory should contain build.sbt. 
WARN  no build target for: /Users/qiuchenzhang/Code/CMU/15619/Ying_Liu_Zhi_Zhu-S20/phase1/twitter/ETL/spark/hashtag.scala
INFO  no build target: using presentation compiler with only scala-library
WARN  no build target for: /Users/qiuchenzhang/Code/CMU/15619/Ying_Liu_Zhi_Zhu-S20/phase1/twitter/ETL/spark/raw2csv.scala
WARN  no build target for: /Users/qiuchenzhang/Code/CMU/15619/Ying_Liu_Zhi_Zhu-S20/phase1/twitter/ETL/spark/raw2csv.scala
WARN  no build target for: /Users/qiuchenzhang/Code/CMU/15619/Ying_Liu_Zhi_Zhu-S20/phase1/twitter/ETL/spark/raw2csv.scala
WARN  no build target for: /Users/qiuchenzhang/Code/CMU/15619/Ying_Liu_Zhi_Zhu-S20/phase1/twitter/ETL/spark/raw2csv.scala
WARN  no build tool detected in workspace '/Users/qiuchenzhang/Code/CMU/15619/Ying_Liu_Zhi_Zhu-S20/phase1/twitter/ETL/spark'. The most common cause for this problem is that the editor was opened in the wrong working directory, for example if you use sbt then the workspace directory should contain build.sbt. 
WARN  no build target for: /Users/qiuchenzhang/Code/CMU/15619/Ying_Liu_Zhi_Zhu-S20/phase1/twitter/ETL/spark/raw2csv.scala
WARN  no build target for: /Users/qiuchenzhang/Code/CMU/15619/Ying_Liu_Zhi_Zhu-S20/phase1/twitter/ETL/spark/raw2csv.scala
WARN  no build tool detected in workspace '/Users/qiuchenzhang/Code/CMU/15619/Ying_Liu_Zhi_Zhu-S20/phase1/twitter/ETL/spark'. The most common cause for this problem is that the editor was opened in the wrong working directory, for example if you use sbt then the workspace directory should contain build.sbt. 
WARN  no build target for: /Users/qiuchenzhang/Code/CMU/15619/Ying_Liu_Zhi_Zhu-S20/phase1/twitter/ETL/spark/raw2csv.scala
WARN  no build tool detected in workspace '/Users/qiuchenzhang/Code/CMU/15619/Ying_Liu_Zhi_Zhu-S20/phase1/twitter/ETL/spark'. The most common cause for this problem is that the editor was opened in the wrong working directory, for example if you use sbt then the workspace directory should contain build.sbt. 
WARN  no build target for: /Users/qiuchenzhang/Code/CMU/15619/Ying_Liu_Zhi_Zhu-S20/phase1/twitter/ETL/spark/raw2csv.scala
WARN  no build target for: /Users/qiuchenzhang/Code/CMU/15619/Ying_Liu_Zhi_Zhu-S20/phase1/twitter/ETL/spark/raw2csv.scala
WARN  no build target for: /Users/qiuchenzhang/Code/CMU/15619/Ying_Liu_Zhi_Zhu-S20/phase1/twitter/ETL/spark/cleanHashtag/src/main/scala/Hashtag.scala
WARN  no build target for: /Users/qiuchenzhang/Code/CMU/15619/Ying_Liu_Zhi_Zhu-S20/phase1/twitter/ETL/spark/cleanHashtag/src/main/scala/Hashtag.scala
WARN  no build target for: /Users/qiuchenzhang/Code/CMU/15619/Ying_Liu_Zhi_Zhu-S20/phase1/twitter/ETL/spark/cleanHashtag/src/main/scala/Hashtag.scala
WARN  no build tool detected in workspace '/Users/qiuchenzhang/Code/CMU/15619/Ying_Liu_Zhi_Zhu-S20/phase1/twitter/ETL/spark'. The most common cause for this problem is that the editor was opened in the wrong working directory, for example if you use sbt then the workspace directory should contain build.sbt. 
WARN  no build target for: /Users/qiuchenzhang/Code/CMU/15619/Ying_Liu_Zhi_Zhu-S20/phase1/twitter/ETL/spark/cleanHashtag/src/main/scala/Hashtag.scala
WARN  no build target for: /Users/qiuchenzhang/Code/CMU/15619/Ying_Liu_Zhi_Zhu-S20/phase1/twitter/ETL/spark/cleanHashtag/src/main/scala/SaicSparkJdbcDialect.scala
INFO  shutting down Metals
INFO  started: Metals version 0.8.4 in workspace '/Users/qiuchenzhang/Code/CMU/15619/Ying_Liu_Zhi_Zhu-S20/phase1/twitter/ETL/spark'
INFO  time: initialize in 0.81s
WARN  no build tool detected in workspace '/Users/qiuchenzhang/Code/CMU/15619/Ying_Liu_Zhi_Zhu-S20/phase1/twitter/ETL/spark'. The most common cause for this problem is that the editor was opened in the wrong working directory, for example if you use sbt then the workspace directory should contain build.sbt. 
WARN  no build target for: /Users/qiuchenzhang/Code/CMU/15619/Ying_Liu_Zhi_Zhu-S20/phase1/twitter/ETL/spark/cleanHashtag/src/main/scala/SaicSparkJdbcDialect.scala
INFO  shutting down Metals
2020.07.11 20:43:38 INFO  started: Metals version 0.9.1 in workspace '/Users/qiuchenzhang/Code/CMU/15619/Ying_Liu_Zhi_Zhu-S20/Phase1/twitter/ETL/spark'
2020.07.11 20:43:38 INFO  time: initialize in 0.28s
2020.07.11 20:43:39 WARN  resetting database: /Users/qiuchenzhang/Code/CMU/15619/Ying_Liu_Zhi_Zhu-S20/Phase1/twitter/ETL/spark/.metals/metals.h2.db
2020.07.11 20:43:39 WARN  no build tool detected in workspace '/Users/qiuchenzhang/Code/CMU/15619/Ying_Liu_Zhi_Zhu-S20/Phase1/twitter/ETL/spark'. The most common cause for this problem is that the editor was opened in the wrong working directory, for example if you use sbt then the workspace directory should contain build.sbt. 
2020.07.11 20:43:39 INFO  no build target: using presentation compiler with only scala-library
2020.07.11 20:43:40 WARN  no build target for: /Users/qiuchenzhang/Code/CMU/15619/Ying_Liu_Zhi_Zhu-S20/Phase1/twitter/ETL/spark/hashtag.scala
Jul 11, 2020 8:43:46 PM org.eclipse.lsp4j.jsonrpc.services.GenericEndpoint notify
INFO: Unsupported notification method: $/setTraceNotification
2020.07.11 20:57:27 INFO  shutting down Metals
2020.07.12 00:48:32 INFO  started: Metals version 0.9.1 in workspace '/Users/qiuchenzhang/Code/CMU/15619/Ying_Liu_Zhi_Zhu-S20/Phase1/twitter/ETL/spark'
2020.07.12 00:48:32 INFO  time: initialize in 0.57s
2020.07.12 00:48:33 WARN  no build tool detected in workspace '/Users/qiuchenzhang/Code/CMU/15619/Ying_Liu_Zhi_Zhu-S20/Phase1/twitter/ETL/spark'. The most common cause for this problem is that the editor was opened in the wrong working directory, for example if you use sbt then the workspace directory should contain build.sbt. 
2020.07.12 18:29:29 INFO  shutting down Metals
